  MyPaint.cpp
C:\Users\danie\Documents\תכנות מונחה עצמים\MailForm\Paint\PictureWindow.h(31,2): warning C4566: character represented by universal-character-name '\u05EA' cannot be represented in the current code page (1252)
C:\Users\danie\Documents\תכנות מונחה עצמים\MailForm\Paint\PictureWindow.h(31,2): warning C4566: character represented by universal-character-name '\u05DB' cannot be represented in the current code page (1252)
C:\Users\danie\Documents\תכנות מונחה עצמים\MailForm\Paint\PictureWindow.h(31,2): warning C4566: character represented by universal-character-name '\u05E0' cannot be represented in the current code page (1252)
C:\Users\danie\Documents\תכנות מונחה עצמים\MailForm\Paint\PictureWindow.h(31,2): warning C4566: character represented by universal-character-name '\u05D5' cannot be represented in the current code page (1252)
C:\Users\danie\Documents\תכנות מונחה עצמים\MailForm\Paint\PictureWindow.h(31,2): warning C4566: character represented by universal-character-name '\u05DE' cannot be represented in the current code page (1252)
C:\Users\danie\Documents\תכנות מונחה עצמים\MailForm\Paint\PictureWindow.h(31,2): warning C4566: character represented by universal-character-name '\u05D7' cannot be represented in the current code page (1252)
C:\Users\danie\Documents\תכנות מונחה עצמים\MailForm\Paint\PictureWindow.h(31,2): warning C4566: character represented by universal-character-name '\u05D4' cannot be represented in the current code page (1252)
C:\Users\danie\Documents\תכנות מונחה עצמים\MailForm\Paint\PictureWindow.h(31,2): warning C4566: character represented by universal-character-name '\u05E2' cannot be represented in the current code page (1252)
C:\Users\danie\Documents\תכנות מונחה עצמים\MailForm\Paint\PictureWindow.h(31,2): warning C4566: character represented by universal-character-name '\u05E6' cannot be represented in the current code page (1252)
C:\Users\danie\Documents\תכנות מונחה עצמים\MailForm\Paint\PictureWindow.h(31,2): warning C4566: character represented by universal-character-name '\u05D9' cannot be represented in the current code page (1252)
C:\Users\danie\Documents\תכנות מונחה עצמים\MailForm\Paint\PictureWindow.h(31,2): warning C4566: character represented by universal-character-name '\u05DD' cannot be represented in the current code page (1252)
C:\Users\danie\Documents\תכנות מונחה עצמים\MailForm\Paint\MyPaint.cpp(60,33): warning C4566: character represented by universal-character-name '\u05EA' cannot be represented in the current code page (1252)
C:\Users\danie\Documents\תכנות מונחה עצמים\MailForm\Paint\MyPaint.cpp(60,33): warning C4566: character represented by universal-character-name '\u05DB' cannot be represented in the current code page (1252)
C:\Users\danie\Documents\תכנות מונחה עצמים\MailForm\Paint\MyPaint.cpp(60,33): warning C4566: character represented by universal-character-name '\u05E0' cannot be represented in the current code page (1252)
C:\Users\danie\Documents\תכנות מונחה עצמים\MailForm\Paint\MyPaint.cpp(60,33): warning C4566: character represented by universal-character-name '\u05D5' cannot be represented in the current code page (1252)
C:\Users\danie\Documents\תכנות מונחה עצמים\MailForm\Paint\MyPaint.cpp(60,33): warning C4566: character represented by universal-character-name '\u05DE' cannot be represented in the current code page (1252)
C:\Users\danie\Documents\תכנות מונחה עצמים\MailForm\Paint\MyPaint.cpp(60,33): warning C4566: character represented by universal-character-name '\u05D7' cannot be represented in the current code page (1252)
C:\Users\danie\Documents\תכנות מונחה עצמים\MailForm\Paint\MyPaint.cpp(60,33): warning C4566: character represented by universal-character-name '\u05D4' cannot be represented in the current code page (1252)
C:\Users\danie\Documents\תכנות מונחה עצמים\MailForm\Paint\MyPaint.cpp(60,33): warning C4566: character represented by universal-character-name '\u05E2' cannot be represented in the current code page (1252)
C:\Users\danie\Documents\תכנות מונחה עצמים\MailForm\Paint\MyPaint.cpp(60,33): warning C4566: character represented by universal-character-name '\u05E6' cannot be represented in the current code page (1252)
C:\Users\danie\Documents\תכנות מונחה עצמים\MailForm\Paint\MyPaint.cpp(60,33): warning C4566: character represented by universal-character-name '\u05D9' cannot be represented in the current code page (1252)
C:\Users\danie\Documents\תכנות מונחה עצמים\MailForm\Paint\MyPaint.cpp(60,33): warning C4566: character represented by universal-character-name '\u05DD' cannot be represented in the current code page (1252)
  MyPaintDlg.cpp
C:\Users\danie\Documents\תכנות מונחה עצמים\MailForm\Paint\PictureWindow.h(31,2): warning C4566: character represented by universal-character-name '\u05EA' cannot be represented in the current code page (1252)
C:\Users\danie\Documents\תכנות מונחה עצמים\MailForm\Paint\PictureWindow.h(31,2): warning C4566: character represented by universal-character-name '\u05DB' cannot be represented in the current code page (1252)
C:\Users\danie\Documents\תכנות מונחה עצמים\MailForm\Paint\PictureWindow.h(31,2): warning C4566: character represented by universal-character-name '\u05E0' cannot be represented in the current code page (1252)
C:\Users\danie\Documents\תכנות מונחה עצמים\MailForm\Paint\PictureWindow.h(31,2): warning C4566: character represented by universal-character-name '\u05D5' cannot be represented in the current code page (1252)
C:\Users\danie\Documents\תכנות מונחה עצמים\MailForm\Paint\PictureWindow.h(31,2): warning C4566: character represented by universal-character-name '\u05DE' cannot be represented in the current code page (1252)
C:\Users\danie\Documents\תכנות מונחה עצמים\MailForm\Paint\PictureWindow.h(31,2): warning C4566: character represented by universal-character-name '\u05D7' cannot be represented in the current code page (1252)
C:\Users\danie\Documents\תכנות מונחה עצמים\MailForm\Paint\PictureWindow.h(31,2): warning C4566: character represented by universal-character-name '\u05D4' cannot be represented in the current code page (1252)
C:\Users\danie\Documents\תכנות מונחה עצמים\MailForm\Paint\PictureWindow.h(31,2): warning C4566: character represented by universal-character-name '\u05E2' cannot be represented in the current code page (1252)
C:\Users\danie\Documents\תכנות מונחה עצמים\MailForm\Paint\PictureWindow.h(31,2): warning C4566: character represented by universal-character-name '\u05E6' cannot be represented in the current code page (1252)
C:\Users\danie\Documents\תכנות מונחה עצמים\MailForm\Paint\PictureWindow.h(31,2): warning C4566: character represented by universal-character-name '\u05D9' cannot be represented in the current code page (1252)
C:\Users\danie\Documents\תכנות מונחה עצמים\MailForm\Paint\PictureWindow.h(31,2): warning C4566: character represented by universal-character-name '\u05DD' cannot be represented in the current code page (1252)
C:\Users\danie\Documents\תכנות מונחה עצמים\MailForm\Paint\MyPaintDlg.cpp(91,2): warning C4566: character represented by universal-character-name '\u05EA' cannot be represented in the current code page (1252)
C:\Users\danie\Documents\תכנות מונחה עצמים\MailForm\Paint\MyPaintDlg.cpp(91,2): warning C4566: character represented by universal-character-name '\u05DB' cannot be represented in the current code page (1252)
C:\Users\danie\Documents\תכנות מונחה עצמים\MailForm\Paint\MyPaintDlg.cpp(91,2): warning C4566: character represented by universal-character-name '\u05E0' cannot be represented in the current code page (1252)
C:\Users\danie\Documents\תכנות מונחה עצמים\MailForm\Paint\MyPaintDlg.cpp(91,2): warning C4566: character represented by universal-character-name '\u05D5' cannot be represented in the current code page (1252)
C:\Users\danie\Documents\תכנות מונחה עצמים\MailForm\Paint\MyPaintDlg.cpp(91,2): warning C4566: character represented by universal-character-name '\u05DE' cannot be represented in the current code page (1252)
C:\Users\danie\Documents\תכנות מונחה עצמים\MailForm\Paint\MyPaintDlg.cpp(91,2): warning C4566: character represented by universal-character-name '\u05D7' cannot be represented in the current code page (1252)
C:\Users\danie\Documents\תכנות מונחה עצמים\MailForm\Paint\MyPaintDlg.cpp(91,2): warning C4566: character represented by universal-character-name '\u05D4' cannot be represented in the current code page (1252)
C:\Users\danie\Documents\תכנות מונחה עצמים\MailForm\Paint\MyPaintDlg.cpp(91,2): warning C4566: character represented by universal-character-name '\u05E2' cannot be represented in the current code page (1252)
C:\Users\danie\Documents\תכנות מונחה עצמים\MailForm\Paint\MyPaintDlg.cpp(91,2): warning C4566: character represented by universal-character-name '\u05E6' cannot be represented in the current code page (1252)
C:\Users\danie\Documents\תכנות מונחה עצמים\MailForm\Paint\MyPaintDlg.cpp(91,2): warning C4566: character represented by universal-character-name '\u05D9' cannot be represented in the current code page (1252)
C:\Users\danie\Documents\תכנות מונחה עצמים\MailForm\Paint\MyPaintDlg.cpp(91,2): warning C4566: character represented by universal-character-name '\u05DD' cannot be represented in the current code page (1252)
C:\Users\danie\Documents\תכנות מונחה עצמים\MailForm\Paint\MyPaintDlg.cpp(92,2): warning C4566: character represented by universal-character-name '\u05EA' cannot be represented in the current code page (1252)
C:\Users\danie\Documents\תכנות מונחה עצמים\MailForm\Paint\MyPaintDlg.cpp(92,2): warning C4566: character represented by universal-character-name '\u05DB' cannot be represented in the current code page (1252)
C:\Users\danie\Documents\תכנות מונחה עצמים\MailForm\Paint\MyPaintDlg.cpp(92,2): warning C4566: character represented by universal-character-name '\u05E0' cannot be represented in the current code page (1252)
C:\Users\danie\Documents\תכנות מונחה עצמים\MailForm\Paint\MyPaintDlg.cpp(92,2): warning C4566: character represented by universal-character-name '\u05D5' cannot be represented in the current code page (1252)
C:\Users\danie\Documents\תכנות מונחה עצמים\MailForm\Paint\MyPaintDlg.cpp(92,2): warning C4566: character represented by universal-character-name '\u05DE' cannot be represented in the current code page (1252)
C:\Users\danie\Documents\תכנות מונחה עצמים\MailForm\Paint\MyPaintDlg.cpp(92,2): warning C4566: character represented by universal-character-name '\u05D7' cannot be represented in the current code page (1252)
C:\Users\danie\Documents\תכנות מונחה עצמים\MailForm\Paint\MyPaintDlg.cpp(92,2): warning C4566: character represented by universal-character-name '\u05D4' cannot be represented in the current code page (1252)
C:\Users\danie\Documents\תכנות מונחה עצמים\MailForm\Paint\MyPaintDlg.cpp(92,2): warning C4566: character represented by universal-character-name '\u05E2' cannot be represented in the current code page (1252)
C:\Users\danie\Documents\תכנות מונחה עצמים\MailForm\Paint\MyPaintDlg.cpp(92,2): warning C4566: character represented by universal-character-name '\u05E6' cannot be represented in the current code page (1252)
C:\Users\danie\Documents\תכנות מונחה עצמים\MailForm\Paint\MyPaintDlg.cpp(92,2): warning C4566: character represented by universal-character-name '\u05D9' cannot be represented in the current code page (1252)
C:\Users\danie\Documents\תכנות מונחה עצמים\MailForm\Paint\MyPaintDlg.cpp(92,2): warning C4566: character represented by universal-character-name '\u05DD' cannot be represented in the current code page (1252)
C:\Users\danie\Documents\תכנות מונחה עצמים\MailForm\Paint\MyPaintDlg.cpp(100,3): warning C4566: character represented by universal-character-name '\u05EA' cannot be represented in the current code page (1252)
C:\Users\danie\Documents\תכנות מונחה עצמים\MailForm\Paint\MyPaintDlg.cpp(100,3): warning C4566: character represented by universal-character-name '\u05DB' cannot be represented in the current code page (1252)
C:\Users\danie\Documents\תכנות מונחה עצמים\MailForm\Paint\MyPaintDlg.cpp(100,3): warning C4566: character represented by universal-character-name '\u05E0' cannot be represented in the current code page (1252)
C:\Users\danie\Documents\תכנות מונחה עצמים\MailForm\Paint\MyPaintDlg.cpp(100,3): warning C4566: character represented by universal-character-name '\u05D5' cannot be represented in the current code page (1252)
C:\Users\danie\Documents\תכנות מונחה עצמים\MailForm\Paint\MyPaintDlg.cpp(100,3): warning C4566: character represented by universal-character-name '\u05DE' cannot be represented in the current code page (1252)
C:\Users\danie\Documents\תכנות מונחה עצמים\MailForm\Paint\MyPaintDlg.cpp(100,3): warning C4566: character represented by universal-character-name '\u05D7' cannot be represented in the current code page (1252)
C:\Users\danie\Documents\תכנות מונחה עצמים\MailForm\Paint\MyPaintDlg.cpp(100,3): warning C4566: character represented by universal-character-name '\u05D4' cannot be represented in the current code page (1252)
C:\Users\danie\Documents\תכנות מונחה עצמים\MailForm\Paint\MyPaintDlg.cpp(100,3): warning C4566: character represented by universal-character-name '\u05E2' cannot be represented in the current code page (1252)
C:\Users\danie\Documents\תכנות מונחה עצמים\MailForm\Paint\MyPaintDlg.cpp(100,3): warning C4566: character represented by universal-character-name '\u05E6' cannot be represented in the current code page (1252)
C:\Users\danie\Documents\תכנות מונחה עצמים\MailForm\Paint\MyPaintDlg.cpp(100,3): warning C4566: character represented by universal-character-name '\u05D9' cannot be represented in the current code page (1252)
C:\Users\danie\Documents\תכנות מונחה עצמים\MailForm\Paint\MyPaintDlg.cpp(100,3): warning C4566: character represented by universal-character-name '\u05DD' cannot be represented in the current code page (1252)
  paintDLG.cpp
C:\Users\danie\Documents\תכנות מונחה עצמים\MailForm\Paint\paintDLG.cpp(71,2): warning C4566: character represented by universal-character-name '\u05EA' cannot be represented in the current code page (1252)
C:\Users\danie\Documents\תכנות מונחה עצמים\MailForm\Paint\paintDLG.cpp(71,2): warning C4566: character represented by universal-character-name '\u05DB' cannot be represented in the current code page (1252)
C:\Users\danie\Documents\תכנות מונחה עצמים\MailForm\Paint\paintDLG.cpp(71,2): warning C4566: character represented by universal-character-name '\u05E0' cannot be represented in the current code page (1252)
C:\Users\danie\Documents\תכנות מונחה עצמים\MailForm\Paint\paintDLG.cpp(71,2): warning C4566: character represented by universal-character-name '\u05D5' cannot be represented in the current code page (1252)
C:\Users\danie\Documents\תכנות מונחה עצמים\MailForm\Paint\paintDLG.cpp(71,2): warning C4566: character represented by universal-character-name '\u05DE' cannot be represented in the current code page (1252)
C:\Users\danie\Documents\תכנות מונחה עצמים\MailForm\Paint\paintDLG.cpp(71,2): warning C4566: character represented by universal-character-name '\u05D7' cannot be represented in the current code page (1252)
C:\Users\danie\Documents\תכנות מונחה עצמים\MailForm\Paint\paintDLG.cpp(71,2): warning C4566: character represented by universal-character-name '\u05D4' cannot be represented in the current code page (1252)
C:\Users\danie\Documents\תכנות מונחה עצמים\MailForm\Paint\paintDLG.cpp(71,2): warning C4566: character represented by universal-character-name '\u05E2' cannot be represented in the current code page (1252)
C:\Users\danie\Documents\תכנות מונחה עצמים\MailForm\Paint\paintDLG.cpp(71,2): warning C4566: character represented by universal-character-name '\u05E6' cannot be represented in the current code page (1252)
C:\Users\danie\Documents\תכנות מונחה עצמים\MailForm\Paint\paintDLG.cpp(71,2): warning C4566: character represented by universal-character-name '\u05D9' cannot be represented in the current code page (1252)
C:\Users\danie\Documents\תכנות מונחה עצמים\MailForm\Paint\paintDLG.cpp(71,2): warning C4566: character represented by universal-character-name '\u05DD' cannot be represented in the current code page (1252)
C:\Users\danie\Documents\תכנות מונחה עצמים\MailForm\Paint\paintDLG.cpp(72,2): warning C4566: character represented by universal-character-name '\u05EA' cannot be represented in the current code page (1252)
C:\Users\danie\Documents\תכנות מונחה עצמים\MailForm\Paint\paintDLG.cpp(72,2): warning C4566: character represented by universal-character-name '\u05DB' cannot be represented in the current code page (1252)
C:\Users\danie\Documents\תכנות מונחה עצמים\MailForm\Paint\paintDLG.cpp(72,2): warning C4566: character represented by universal-character-name '\u05E0' cannot be represented in the current code page (1252)
C:\Users\danie\Documents\תכנות מונחה עצמים\MailForm\Paint\paintDLG.cpp(72,2): warning C4566: character represented by universal-character-name '\u05D5' cannot be represented in the current code page (1252)
C:\Users\danie\Documents\תכנות מונחה עצמים\MailForm\Paint\paintDLG.cpp(72,2): warning C4566: character represented by universal-character-name '\u05DE' cannot be represented in the current code page (1252)
C:\Users\danie\Documents\תכנות מונחה עצמים\MailForm\Paint\paintDLG.cpp(72,2): warning C4566: character represented by universal-character-name '\u05D7' cannot be represented in the current code page (1252)
C:\Users\danie\Documents\תכנות מונחה עצמים\MailForm\Paint\paintDLG.cpp(72,2): warning C4566: character represented by universal-character-name '\u05D4' cannot be represented in the current code page (1252)
C:\Users\danie\Documents\תכנות מונחה עצמים\MailForm\Paint\paintDLG.cpp(72,2): warning C4566: character represented by universal-character-name '\u05E2' cannot be represented in the current code page (1252)
C:\Users\danie\Documents\תכנות מונחה עצמים\MailForm\Paint\paintDLG.cpp(72,2): warning C4566: character represented by universal-character-name '\u05E6' cannot be represented in the current code page (1252)
C:\Users\danie\Documents\תכנות מונחה עצמים\MailForm\Paint\paintDLG.cpp(72,2): warning C4566: character represented by universal-character-name '\u05D9' cannot be represented in the current code page (1252)
C:\Users\danie\Documents\תכנות מונחה עצמים\MailForm\Paint\paintDLG.cpp(72,2): warning C4566: character represented by universal-character-name '\u05DD' cannot be represented in the current code page (1252)
C:\Users\danie\Documents\תכנות מונחה עצמים\MailForm\Paint\paintDLG.cpp(80,3): warning C4566: character represented by universal-character-name '\u05EA' cannot be represented in the current code page (1252)
C:\Users\danie\Documents\תכנות מונחה עצמים\MailForm\Paint\paintDLG.cpp(80,3): warning C4566: character represented by universal-character-name '\u05DB' cannot be represented in the current code page (1252)
C:\Users\danie\Documents\תכנות מונחה עצמים\MailForm\Paint\paintDLG.cpp(80,3): warning C4566: character represented by universal-character-name '\u05E0' cannot be represented in the current code page (1252)
C:\Users\danie\Documents\תכנות מונחה עצמים\MailForm\Paint\paintDLG.cpp(80,3): warning C4566: character represented by universal-character-name '\u05D5' cannot be represented in the current code page (1252)
C:\Users\danie\Documents\תכנות מונחה עצמים\MailForm\Paint\paintDLG.cpp(80,3): warning C4566: character represented by universal-character-name '\u05DE' cannot be represented in the current code page (1252)
C:\Users\danie\Documents\תכנות מונחה עצמים\MailForm\Paint\paintDLG.cpp(80,3): warning C4566: character represented by universal-character-name '\u05D7' cannot be represented in the current code page (1252)
C:\Users\danie\Documents\תכנות מונחה עצמים\MailForm\Paint\paintDLG.cpp(80,3): warning C4566: character represented by universal-character-name '\u05D4' cannot be represented in the current code page (1252)
C:\Users\danie\Documents\תכנות מונחה עצמים\MailForm\Paint\paintDLG.cpp(80,3): warning C4566: character represented by universal-character-name '\u05E2' cannot be represented in the current code page (1252)
C:\Users\danie\Documents\תכנות מונחה עצמים\MailForm\Paint\paintDLG.cpp(80,3): warning C4566: character represented by universal-character-name '\u05E6' cannot be represented in the current code page (1252)
C:\Users\danie\Documents\תכנות מונחה עצמים\MailForm\Paint\paintDLG.cpp(80,3): warning C4566: character represented by universal-character-name '\u05D9' cannot be represented in the current code page (1252)
C:\Users\danie\Documents\תכנות מונחה עצמים\MailForm\Paint\paintDLG.cpp(80,3): warning C4566: character represented by universal-character-name '\u05DD' cannot be represented in the current code page (1252)
  Generating Code...
  Paint.vcxproj -> C:\Users\danie\Documents\תכנות מונחה עצמים\MailForm\Debug\Paint.exe
